2017-02-17 00:00:10
Full thread dump Java HotSpot(TM) 64-Bit Server VM (24.80-b11 mixed mode):

"Attach Listener" daemon prio=10 tid=0x00007f37c0001000 nid=0x17b3 waiting on condition [0x0000000000000000]
   java.lang.Thread.State: RUNNABLE

"DestroyJavaVM" prio=10 tid=0x00007f37f000a800 nid=0x1762 waiting on condition [0x0000000000000000]
   java.lang.Thread.State: RUNNABLE

"Thread-1" prio=10 tid=0x00007f37f0124800 nid=0x177c waiting for monitor entry [0x00007f37e4b2b000]
   java.lang.Thread.State: BLOCKED (on object monitor)
	at com.epam.troubleshooting.deadlock.Main$2.run(Main.java:32)
	- waiting to lock <0x00000000eebc7470> (a java.lang.Object)
	- locked <0x00000000eebc7480> (a java.lang.Object)

"Thread-0" prio=10 tid=0x00007f37f0123800 nid=0x177b waiting for monitor entry [0x00007f37e4c2c000]
   java.lang.Thread.State: BLOCKED (on object monitor)
	at com.epam.troubleshooting.deadlock.Main$1.run(Main.java:18)
	- waiting to lock <0x00000000eebc7480> (a java.lang.Object)
	- locked <0x00000000eebc7470> (a java.lang.Object)

"Monitor Ctrl-Break" daemon prio=10 tid=0x00007f37f0129000 nid=0x177a runnable [0x00007f37e4f44000]
   java.lang.Thread.State: RUNNABLE
	at java.net.PlainSocketImpl.socketAccept(Native Method)
	at java.net.AbstractPlainSocketImpl.accept(AbstractPlainSocketImpl.java:398)
	at java.net.ServerSocket.implAccept(ServerSocket.java:530)
	at java.net.ServerSocket.accept(ServerSocket.java:498)
	at com.intellij.rt.execution.application.AppMain$1.run(AppMain.java:79)
	at java.lang.Thread.run(Thread.java:745)

"Service Thread" daemon prio=10 tid=0x00007f37f0099800 nid=0x1772 runnable [0x0000000000000000]
   java.lang.Thread.State: RUNNABLE

"C2 CompilerThread1" daemon prio=10 tid=0x00007f37f0097800 nid=0x1771 waiting on condition [0x0000000000000000]
   java.lang.Thread.State: RUNNABLE

"C2 CompilerThread0" daemon prio=10 tid=0x00007f37f0094800 nid=0x1770 waiting on condition [0x0000000000000000]
   java.lang.Thread.State: RUNNABLE

"Signal Dispatcher" daemon prio=10 tid=0x00007f37f0092800 nid=0x176f runnable [0x0000000000000000]
   java.lang.Thread.State: RUNNABLE

"Finalizer" daemon prio=10 tid=0x00007f37f0070800 nid=0x176b in Object.wait() [0x00007f37e5c77000]
   java.lang.Thread.State: WAITING (on object monitor)
	at java.lang.Object.wait(Native Method)
	- waiting on <0x00000000eeb04858> (a java.lang.ref.ReferenceQueue$Lock)
	at java.lang.ref.ReferenceQueue.remove(ReferenceQueue.java:135)
	- locked <0x00000000eeb04858> (a java.lang.ref.ReferenceQueue$Lock)
	at java.lang.ref.ReferenceQueue.remove(ReferenceQueue.java:151)
	at java.lang.ref.Finalizer$FinalizerThread.run(Finalizer.java:209)

"Reference Handler" daemon prio=10 tid=0x00007f37f006e800 nid=0x176a in Object.wait() [0x00007f37e5d78000]
   java.lang.Thread.State: WAITING (on object monitor)
	at java.lang.Object.wait(Native Method)
	- waiting on <0x00000000eeb04470> (a java.lang.ref.Reference$Lock)
	at java.lang.Object.wait(Object.java:503)
	at java.lang.ref.Reference$ReferenceHandler.run(Reference.java:133)
	- locked <0x00000000eeb04470> (a java.lang.ref.Reference$Lock)

"VM Thread" prio=10 tid=0x00007f37f006a000 nid=0x1769 runnable 

"GC task thread#0 (ParallelGC)" prio=10 tid=0x00007f37f0020000 nid=0x1765 runnable 

"GC task thread#1 (ParallelGC)" prio=10 tid=0x00007f37f0022000 nid=0x1766 runnable 

"GC task thread#2 (ParallelGC)" prio=10 tid=0x00007f37f0024000 nid=0x1767 runnable 

"GC task thread#3 (ParallelGC)" prio=10 tid=0x00007f37f0026000 nid=0x1768 runnable 

"VM Periodic Task Thread" prio=10 tid=0x00007f37f00a4800 nid=0x1773 waiting on condition 

JNI global references: 142


Found one Java-level deadlock:
=============================
"Thread-1":
  waiting to lock monitor 0x00007f37c80062c8 (object 0x00000000eebc7470, a java.lang.Object),
  which is held by "Thread-0"
"Thread-0":
  waiting to lock monitor 0x00007f37c8004ed8 (object 0x00000000eebc7480, a java.lang.Object),
  which is held by "Thread-1"

Java stack information for the threads listed above:
===================================================
"Thread-1":
	at com.epam.troubleshooting.deadlock.Main$2.run(Main.java:32)
	- waiting to lock <0x00000000eebc7470> (a java.lang.Object)
	- locked <0x00000000eebc7480> (a java.lang.Object)
"Thread-0":
	at com.epam.troubleshooting.deadlock.Main$1.run(Main.java:18)
	- waiting to lock <0x00000000eebc7480> (a java.lang.Object)
	- locked <0x00000000eebc7470> (a java.lang.Object)

Found 1 deadlock.

